{"C:\\Users\\maria\\Desktop\\VSCode\\users-products-app\\usersApp\\app.js": {"path":"C:\\Users\\maria\\Desktop\\VSCode\\users-products-app\\usersApp\\app.js","statementMap":{"0":{"start":{"line":1,"column":16},"end":{"line":1,"column":34}},"1":{"start":{"line":2,"column":12},"end":{"line":2,"column":21}},"2":{"start":{"line":3,"column":0},"end":{"line":3,"column":23}},"3":{"start":{"line":4,"column":0},"end":{"line":4,"column":44}},"4":{"start":{"line":6,"column":13},"end":{"line":6,"column":44}},"5":{"start":{"line":7,"column":20},"end":{"line":7,"column":59}},"6":{"start":{"line":8,"column":13},"end":{"line":8,"column":44}},"7":{"start":{"line":10,"column":16},"end":{"line":10,"column":50}},"8":{"start":{"line":12,"column":18},"end":{"line":12,"column":47}},"9":{"start":{"line":13,"column":24},"end":{"line":13,"column":44}},"10":{"start":{"line":17,"column":0},"end":{"line":17,"column":27}},"11":{"start":{"line":19,"column":0},"end":{"line":19,"column":41}},"12":{"start":{"line":21,"column":0},"end":{"line":21,"column":33}},"13":{"start":{"line":23,"column":0},"end":{"line":23,"column":26}},"14":{"start":{"line":25,"column":0},"end":{"line":25,"column":79}},"15":{"start":{"line":27,"column":0},"end":{"line":27,"column":37}},"16":{"start":{"line":36,"column":0},"end":{"line":36,"column":20}}},"fnMap":{},"branchMap":{},"s":{"0":1,"1":1,"2":1,"3":1,"4":1,"5":1,"6":1,"7":1,"8":1,"9":1,"10":1,"11":1,"12":1,"13":1,"14":1,"15":1,"16":1},"f":{},"b":{},"_coverageSchema":"1a1c01bbd47fc00a2c39e90264f33305004495a9","hash":"88d6106d003f8de5e12d9485d9605d33c7ae6332"}
,"C:\\Users\\maria\\Desktop\\VSCode\\users-products-app\\usersApp\\swagger.js": {"path":"C:\\Users\\maria\\Desktop\\VSCode\\users-products-app\\usersApp\\swagger.js","statementMap":{"0":{"start":{"line":1,"column":12},"end":{"line":1,"column":42}},"1":{"start":{"line":2,"column":13},"end":{"line":2,"column":43}},"2":{"start":{"line":4,"column":0},"end":{"line":330,"column":1}}},"fnMap":{},"branchMap":{},"s":{"0":1,"1":1,"2":1},"f":{},"b":{},"_coverageSchema":"1a1c01bbd47fc00a2c39e90264f33305004495a9","hash":"a2e5e5cef2ebb99c98b0468cc3b8e01682a131a4"}
,"C:\\Users\\maria\\Desktop\\VSCode\\users-products-app\\usersApp\\controllers\\auth.controller.js": {"path":"C:\\Users\\maria\\Desktop\\VSCode\\users-products-app\\usersApp\\controllers\\auth.controller.js","statementMap":{"0":{"start":{"line":1,"column":13},"end":{"line":1,"column":44}},"1":{"start":{"line":2,"column":15},"end":{"line":2,"column":32}},"2":{"start":{"line":3,"column":20},"end":{"line":3,"column":55}},"3":{"start":{"line":5,"column":0},"end":{"line":25,"column":1}},"4":{"start":{"line":6,"column":2},"end":{"line":6,"column":37}},"5":{"start":{"line":7,"column":19},"end":{"line":7,"column":36}},"6":{"start":{"line":8,"column":19},"end":{"line":8,"column":36}},"7":{"start":{"line":10,"column":2},"end":{"line":24,"column":3}},"8":{"start":{"line":11,"column":19},"end":{"line":11,"column":103}},"9":{"start":{"line":12,"column":4},"end":{"line":12,"column":32}},"10":{"start":{"line":13,"column":20},"end":{"line":13,"column":67}},"11":{"start":{"line":15,"column":4},"end":{"line":20,"column":5}},"12":{"start":{"line":16,"column":20},"end":{"line":16,"column":59}},"13":{"start":{"line":17,"column":6},"end":{"line":17,"column":55}},"14":{"start":{"line":19,"column":6},"end":{"line":19,"column":71}},"15":{"start":{"line":22,"column":4},"end":{"line":22,"column":42}},"16":{"start":{"line":23,"column":4},"end":{"line":23,"column":69}},"17":{"start":{"line":27,"column":0},"end":{"line":41,"column":1}},"18":{"start":{"line":28,"column":15},"end":{"line":28,"column":29}},"19":{"start":{"line":30,"column":2},"end":{"line":40,"column":3}},"20":{"start":{"line":31,"column":4},"end":{"line":31,"column":80}},"21":{"start":{"line":33,"column":15},"end":{"line":33,"column":49}},"22":{"start":{"line":34,"column":4},"end":{"line":39,"column":5}},"23":{"start":{"line":35,"column":6},"end":{"line":35,"column":30}},"24":{"start":{"line":36,"column":6},"end":{"line":36,"column":54}},"25":{"start":{"line":38,"column":6},"end":{"line":38,"column":76}}},"fnMap":{"0":{"name":"(anonymous_0)","decl":{"start":{"line":5,"column":16},"end":{"line":5,"column":17}},"loc":{"start":{"line":5,"column":35},"end":{"line":25,"column":1}},"line":5},"1":{"name":"(anonymous_1)","decl":{"start":{"line":27,"column":22},"end":{"line":27,"column":23}},"loc":{"start":{"line":27,"column":41},"end":{"line":41,"column":1}},"line":27}},"branchMap":{"0":{"loc":{"start":{"line":15,"column":4},"end":{"line":20,"column":5}},"type":"if","locations":[{"start":{"line":15,"column":4},"end":{"line":20,"column":5}},{"start":{"line":18,"column":11},"end":{"line":20,"column":5}}],"line":15},"1":{"loc":{"start":{"line":15,"column":8},"end":{"line":15,"column":57}},"type":"binary-expr","locations":[{"start":{"line":15,"column":8},"end":{"line":15,"column":14}},{"start":{"line":15,"column":18},"end":{"line":15,"column":46}},{"start":{"line":15,"column":50},"end":{"line":15,"column":57}}],"line":15},"2":{"loc":{"start":{"line":30,"column":2},"end":{"line":40,"column":3}},"type":"if","locations":[{"start":{"line":30,"column":2},"end":{"line":40,"column":3}},{"start":{"line":32,"column":9},"end":{"line":40,"column":3}}],"line":30},"3":{"loc":{"start":{"line":34,"column":4},"end":{"line":39,"column":5}},"type":"if","locations":[{"start":{"line":34,"column":4},"end":{"line":39,"column":5}},{"start":{"line":37,"column":11},"end":{"line":39,"column":5}}],"line":34}},"s":{"0":1,"1":1,"2":1,"3":1,"4":0,"5":0,"6":0,"7":0,"8":0,"9":0,"10":0,"11":0,"12":0,"13":0,"14":0,"15":0,"16":0,"17":1,"18":0,"19":0,"20":0,"21":0,"22":0,"23":0,"24":0,"25":0},"f":{"0":0,"1":0},"b":{"0":[0,0],"1":[0,0,0],"2":[0,0],"3":[0,0]},"_coverageSchema":"1a1c01bbd47fc00a2c39e90264f33305004495a9","hash":"eb559cf657da24da7a84d124c8c47a114f9bbf15"}
,"C:\\Users\\maria\\Desktop\\VSCode\\users-products-app\\usersApp\\controllers\\product.controller.js": {"path":"C:\\Users\\maria\\Desktop\\VSCode\\users-products-app\\usersApp\\controllers\\product.controller.js","statementMap":{"0":{"start":{"line":1,"column":16},"end":{"line":1,"column":50}},"1":{"start":{"line":3,"column":0},"end":{"line":12,"column":1}},"2":{"start":{"line":4,"column":2},"end":{"line":4,"column":59}},"3":{"start":{"line":5,"column":2},"end":{"line":11,"column":3}},"4":{"start":{"line":6,"column":19},"end":{"line":6,"column":39}},"5":{"start":{"line":7,"column":4},"end":{"line":7,"column":54}},"6":{"start":{"line":9,"column":4},"end":{"line":9,"column":53}},"7":{"start":{"line":10,"column":4},"end":{"line":10,"column":63}},"8":{"start":{"line":14,"column":0},"end":{"line":30,"column":1}},"9":{"start":{"line":15,"column":2},"end":{"line":15,"column":52}},"10":{"start":{"line":16,"column":22},"end":{"line":16,"column":35}},"11":{"start":{"line":18,"column":2},"end":{"line":29,"column":3}},"12":{"start":{"line":19,"column":19},"end":{"line":19,"column":64}},"13":{"start":{"line":21,"column":4},"end":{"line":25,"column":5}},"14":{"start":{"line":22,"column":6},"end":{"line":22,"column":56}},"15":{"start":{"line":24,"column":6},"end":{"line":24,"column":70}},"16":{"start":{"line":27,"column":4},"end":{"line":27,"column":52}},"17":{"start":{"line":28,"column":4},"end":{"line":28,"column":62}},"18":{"start":{"line":32,"column":0},"end":{"line":51,"column":1}},"19":{"start":{"line":33,"column":13},"end":{"line":33,"column":21}},"20":{"start":{"line":35,"column":2},"end":{"line":35,"column":37}},"21":{"start":{"line":37,"column":21},"end":{"line":42,"column":4}},"22":{"start":{"line":44,"column":2},"end":{"line":50,"column":3}},"23":{"start":{"line":45,"column":19},"end":{"line":45,"column":42}},"24":{"start":{"line":46,"column":4},"end":{"line":46,"column":54}},"25":{"start":{"line":48,"column":4},"end":{"line":48,"column":53}},"26":{"start":{"line":49,"column":4},"end":{"line":49,"column":63}},"27":{"start":{"line":53,"column":0},"end":{"line":70,"column":1}},"28":{"start":{"line":54,"column":20},"end":{"line":54,"column":33}},"29":{"start":{"line":55,"column":2},"end":{"line":55,"column":44}},"30":{"start":{"line":56,"column":13},"end":{"line":56,"column":21}},"31":{"start":{"line":57,"column":24},"end":{"line":62,"column":3}},"32":{"start":{"line":63,"column":2},"end":{"line":69,"column":3}},"33":{"start":{"line":64,"column":19},"end":{"line":64,"column":101}},"34":{"start":{"line":65,"column":4},"end":{"line":65,"column":54}},"35":{"start":{"line":67,"column":4},"end":{"line":67,"column":53}},"36":{"start":{"line":68,"column":4},"end":{"line":68,"column":63}},"37":{"start":{"line":72,"column":0},"end":{"line":83,"column":1}},"38":{"start":{"line":73,"column":22},"end":{"line":73,"column":35}},"39":{"start":{"line":74,"column":2},"end":{"line":74,"column":44}},"40":{"start":{"line":76,"column":2},"end":{"line":82,"column":3}},"41":{"start":{"line":77,"column":19},"end":{"line":77,"column":73}},"42":{"start":{"line":78,"column":4},"end":{"line":78,"column":54}},"43":{"start":{"line":80,"column":4},"end":{"line":80,"column":53}},"44":{"start":{"line":81,"column":4},"end":{"line":81,"column":63}}},"fnMap":{"0":{"name":"(anonymous_0)","decl":{"start":{"line":3,"column":18},"end":{"line":3,"column":19}},"loc":{"start":{"line":3,"column":37},"end":{"line":12,"column":1}},"line":3},"1":{"name":"(anonymous_1)","decl":{"start":{"line":14,"column":18},"end":{"line":14,"column":19}},"loc":{"start":{"line":14,"column":37},"end":{"line":30,"column":1}},"line":14},"2":{"name":"(anonymous_2)","decl":{"start":{"line":32,"column":17},"end":{"line":32,"column":18}},"loc":{"start":{"line":32,"column":36},"end":{"line":51,"column":1}},"line":32},"3":{"name":"(anonymous_3)","decl":{"start":{"line":53,"column":17},"end":{"line":53,"column":18}},"loc":{"start":{"line":53,"column":36},"end":{"line":70,"column":1}},"line":53},"4":{"name":"(anonymous_4)","decl":{"start":{"line":72,"column":23},"end":{"line":72,"column":24}},"loc":{"start":{"line":72,"column":42},"end":{"line":83,"column":1}},"line":72}},"branchMap":{"0":{"loc":{"start":{"line":21,"column":4},"end":{"line":25,"column":5}},"type":"if","locations":[{"start":{"line":21,"column":4},"end":{"line":25,"column":5}},{"start":{"line":23,"column":11},"end":{"line":25,"column":5}}],"line":21}},"s":{"0":1,"1":1,"2":1,"3":1,"4":1,"5":1,"6":0,"7":0,"8":1,"9":2,"10":2,"11":2,"12":2,"13":2,"14":1,"15":1,"16":0,"17":0,"18":1,"19":6,"20":6,"21":6,"22":6,"23":6,"24":1,"25":5,"26":5,"27":1,"28":1,"29":1,"30":1,"31":1,"32":1,"33":1,"34":1,"35":0,"36":0,"37":1,"38":1,"39":1,"40":1,"41":1,"42":1,"43":0,"44":0},"f":{"0":1,"1":2,"2":6,"3":1,"4":1},"b":{"0":[1,1]},"_coverageSchema":"1a1c01bbd47fc00a2c39e90264f33305004495a9","hash":"a9a406b059cb85c7678708c5e395c55dd3583fd3"}
,"C:\\Users\\maria\\Desktop\\VSCode\\users-products-app\\usersApp\\controllers\\user.controller.js": {"path":"C:\\Users\\maria\\Desktop\\VSCode\\users-products-app\\usersApp\\controllers\\user.controller.js","statementMap":{"0":{"start":{"line":1,"column":13},"end":{"line":1,"column":44}},"1":{"start":{"line":2,"column":20},"end":{"line":2,"column":55}},"2":{"start":{"line":3,"column":15},"end":{"line":3,"column":32}},"3":{"start":{"line":4,"column":15},"end":{"line":4,"column":45}},"4":{"start":{"line":6,"column":0},"end":{"line":20,"column":1}},"5":{"start":{"line":7,"column":2},"end":{"line":7,"column":53}},"6":{"start":{"line":8,"column":2},"end":{"line":19,"column":3}},"7":{"start":{"line":10,"column":19},"end":{"line":10,"column":46}},"8":{"start":{"line":11,"column":4},"end":{"line":11,"column":47}},"9":{"start":{"line":12,"column":4},"end":{"line":12,"column":47}},"10":{"start":{"line":13,"column":4},"end":{"line":13,"column":38}},"11":{"start":{"line":14,"column":4},"end":{"line":14,"column":54}},"12":{"start":{"line":16,"column":4},"end":{"line":16,"column":48}},"13":{"start":{"line":17,"column":4},"end":{"line":17,"column":52}},"14":{"start":{"line":18,"column":4},"end":{"line":18,"column":52}},"15":{"start":{"line":22,"column":0},"end":{"line":39,"column":1}},"16":{"start":{"line":23,"column":2},"end":{"line":23,"column":49}},"17":{"start":{"line":24,"column":17},"end":{"line":24,"column":36}},"18":{"start":{"line":26,"column":2},"end":{"line":38,"column":3}},"19":{"start":{"line":28,"column":19},"end":{"line":28,"column":54}},"20":{"start":{"line":30,"column":4},"end":{"line":34,"column":5}},"21":{"start":{"line":31,"column":6},"end":{"line":31,"column":56}},"22":{"start":{"line":33,"column":6},"end":{"line":33,"column":67}},"23":{"start":{"line":36,"column":4},"end":{"line":36,"column":47}},"24":{"start":{"line":37,"column":4},"end":{"line":37,"column":52}},"25":{"start":{"line":41,"column":0},"end":{"line":71,"column":1}},"26":{"start":{"line":42,"column":2},"end":{"line":42,"column":28}},"27":{"start":{"line":43,"column":13},"end":{"line":43,"column":21}},"28":{"start":{"line":44,"column":23},"end":{"line":44,"column":25}},"29":{"start":{"line":46,"column":22},"end":{"line":46,"column":24}},"30":{"start":{"line":48,"column":2},"end":{"line":50,"column":3}},"31":{"start":{"line":49,"column":4},"end":{"line":49,"column":66}},"32":{"start":{"line":52,"column":18},"end":{"line":62,"column":4}},"33":{"start":{"line":64,"column":2},"end":{"line":70,"column":3}},"34":{"start":{"line":65,"column":19},"end":{"line":65,"column":39}},"35":{"start":{"line":66,"column":4},"end":{"line":66,"column":54}},"36":{"start":{"line":68,"column":4},"end":{"line":68,"column":48}},"37":{"start":{"line":69,"column":4},"end":{"line":69,"column":52}},"38":{"start":{"line":73,"column":0},"end":{"line":93,"column":1}},"39":{"start":{"line":74,"column":19},"end":{"line":74,"column":38}},"40":{"start":{"line":75,"column":2},"end":{"line":75,"column":52}},"41":{"start":{"line":76,"column":21},"end":{"line":84,"column":3}},"42":{"start":{"line":86,"column":2},"end":{"line":92,"column":3}},"43":{"start":{"line":87,"column":19},"end":{"line":87,"column":93}},"44":{"start":{"line":88,"column":4},"end":{"line":88,"column":54}},"45":{"start":{"line":90,"column":4},"end":{"line":90,"column":48}},"46":{"start":{"line":91,"column":4},"end":{"line":91,"column":52}},"47":{"start":{"line":95,"column":0},"end":{"line":106,"column":1}},"48":{"start":{"line":96,"column":19},"end":{"line":96,"column":38}},"49":{"start":{"line":97,"column":2},"end":{"line":97,"column":52}},"50":{"start":{"line":99,"column":2},"end":{"line":105,"column":3}},"51":{"start":{"line":100,"column":19},"end":{"line":100,"column":68}},"52":{"start":{"line":101,"column":4},"end":{"line":101,"column":54}},"53":{"start":{"line":103,"column":4},"end":{"line":103,"column":48}},"54":{"start":{"line":104,"column":4},"end":{"line":104,"column":52}},"55":{"start":{"line":108,"column":0},"end":{"line":120,"column":1}},"56":{"start":{"line":109,"column":19},"end":{"line":109,"column":38}},"57":{"start":{"line":110,"column":16},"end":{"line":110,"column":32}},"58":{"start":{"line":111,"column":2},"end":{"line":111,"column":44}},"59":{"start":{"line":113,"column":2},"end":{"line":119,"column":3}},"60":{"start":{"line":114,"column":19},"end":{"line":114,"column":62}},"61":{"start":{"line":115,"column":4},"end":{"line":115,"column":54}},"62":{"start":{"line":117,"column":4},"end":{"line":117,"column":52}},"63":{"start":{"line":118,"column":4},"end":{"line":118,"column":52}}},"fnMap":{"0":{"name":"(anonymous_0)","decl":{"start":{"line":6,"column":18},"end":{"line":6,"column":19}},"loc":{"start":{"line":6,"column":37},"end":{"line":20,"column":1}},"line":6},"1":{"name":"(anonymous_1)","decl":{"start":{"line":22,"column":18},"end":{"line":22,"column":19}},"loc":{"start":{"line":22,"column":37},"end":{"line":39,"column":1}},"line":22},"2":{"name":"(anonymous_2)","decl":{"start":{"line":41,"column":17},"end":{"line":41,"column":18}},"loc":{"start":{"line":41,"column":35},"end":{"line":71,"column":1}},"line":41},"3":{"name":"(anonymous_3)","decl":{"start":{"line":73,"column":17},"end":{"line":73,"column":18}},"loc":{"start":{"line":73,"column":36},"end":{"line":93,"column":1}},"line":73},"4":{"name":"(anonymous_4)","decl":{"start":{"line":95,"column":27},"end":{"line":95,"column":28}},"loc":{"start":{"line":95,"column":46},"end":{"line":106,"column":1}},"line":95},"5":{"name":"(anonymous_5)","decl":{"start":{"line":108,"column":24},"end":{"line":108,"column":25}},"loc":{"start":{"line":108,"column":43},"end":{"line":120,"column":1}},"line":108}},"branchMap":{"0":{"loc":{"start":{"line":30,"column":4},"end":{"line":34,"column":5}},"type":"if","locations":[{"start":{"line":30,"column":4},"end":{"line":34,"column":5}},{"start":{"line":32,"column":11},"end":{"line":34,"column":5}}],"line":30},"1":{"loc":{"start":{"line":48,"column":2},"end":{"line":50,"column":3}},"type":"if","locations":[{"start":{"line":48,"column":2},"end":{"line":50,"column":3}},{"start":{},"end":{}}],"line":48}},"s":{"0":1,"1":1,"2":1,"3":1,"4":1,"5":0,"6":0,"7":0,"8":0,"9":0,"10":0,"11":0,"12":0,"13":0,"14":0,"15":1,"16":0,"17":0,"18":0,"19":0,"20":0,"21":0,"22":0,"23":0,"24":0,"25":1,"26":0,"27":0,"28":0,"29":0,"30":0,"31":0,"32":0,"33":0,"34":0,"35":0,"36":0,"37":0,"38":1,"39":0,"40":0,"41":0,"42":0,"43":0,"44":0,"45":0,"46":0,"47":1,"48":0,"49":0,"50":0,"51":0,"52":0,"53":0,"54":0,"55":1,"56":0,"57":0,"58":0,"59":0,"60":0,"61":0,"62":0,"63":0},"f":{"0":0,"1":0,"2":0,"3":0,"4":0,"5":0},"b":{"0":[0,0],"1":[0,0]},"_coverageSchema":"1a1c01bbd47fc00a2c39e90264f33305004495a9","hash":"5c9307e7e51a609cf702655ec21c80758421c325"}
,"C:\\Users\\maria\\Desktop\\VSCode\\users-products-app\\usersApp\\controllers\\user.product.controller.js": {"path":"C:\\Users\\maria\\Desktop\\VSCode\\users-products-app\\usersApp\\controllers\\user.product.controller.js","statementMap":{"0":{"start":{"line":1,"column":13},"end":{"line":1,"column":44}},"1":{"start":{"line":3,"column":0},"end":{"line":13,"column":1}},"2":{"start":{"line":4,"column":2},"end":{"line":4,"column":44}},"3":{"start":{"line":6,"column":2},"end":{"line":12,"column":3}},"4":{"start":{"line":7,"column":19},"end":{"line":7,"column":74}},"5":{"start":{"line":8,"column":4},"end":{"line":8,"column":54}},"6":{"start":{"line":10,"column":4},"end":{"line":10,"column":65}},"7":{"start":{"line":11,"column":4},"end":{"line":11,"column":52}},"8":{"start":{"line":15,"column":0},"end":{"line":25,"column":1}},"9":{"start":{"line":16,"column":2},"end":{"line":16,"column":49}},"10":{"start":{"line":17,"column":19},"end":{"line":17,"column":38}},"11":{"start":{"line":18,"column":2},"end":{"line":24,"column":3}},"12":{"start":{"line":19,"column":19},"end":{"line":19,"column":95}},"13":{"start":{"line":20,"column":4},"end":{"line":20,"column":54}},"14":{"start":{"line":22,"column":4},"end":{"line":22,"column":58}},"15":{"start":{"line":23,"column":4},"end":{"line":23,"column":52}},"16":{"start":{"line":27,"column":0},"end":{"line":43,"column":1}},"17":{"start":{"line":28,"column":2},"end":{"line":28,"column":40}},"18":{"start":{"line":29,"column":19},"end":{"line":29,"column":36}},"19":{"start":{"line":30,"column":19},"end":{"line":30,"column":36}},"20":{"start":{"line":31,"column":2},"end":{"line":42,"column":3}},"21":{"start":{"line":32,"column":19},"end":{"line":37,"column":42}},"22":{"start":{"line":38,"column":4},"end":{"line":38,"column":54}},"23":{"start":{"line":40,"column":4},"end":{"line":40,"column":52}},"24":{"start":{"line":41,"column":4},"end":{"line":41,"column":52}},"25":{"start":{"line":45,"column":0},"end":{"line":66,"column":1}},"26":{"start":{"line":46,"column":19},"end":{"line":46,"column":36}},"27":{"start":{"line":47,"column":21},"end":{"line":47,"column":41}},"28":{"start":{"line":48,"column":27},"end":{"line":48,"column":52}},"29":{"start":{"line":49,"column":2},"end":{"line":49,"column":56}},"30":{"start":{"line":51,"column":2},"end":{"line":65,"column":3}},"31":{"start":{"line":52,"column":19},"end":{"line":60,"column":42}},"32":{"start":{"line":61,"column":4},"end":{"line":61,"column":54}},"33":{"start":{"line":63,"column":4},"end":{"line":63,"column":51}},"34":{"start":{"line":64,"column":4},"end":{"line":64,"column":52}},"35":{"start":{"line":68,"column":0},"end":{"line":86,"column":1}},"36":{"start":{"line":69,"column":19},"end":{"line":69,"column":38}},"37":{"start":{"line":70,"column":21},"end":{"line":70,"column":35}},"38":{"start":{"line":71,"column":2},"end":{"line":71,"column":53}},"39":{"start":{"line":72,"column":2},"end":{"line":85,"column":3}},"40":{"start":{"line":73,"column":19},"end":{"line":80,"column":35}},"41":{"start":{"line":81,"column":4},"end":{"line":81,"column":54}},"42":{"start":{"line":83,"column":4},"end":{"line":83,"column":52}},"43":{"start":{"line":84,"column":4},"end":{"line":84,"column":52}},"44":{"start":{"line":88,"column":0},"end":{"line":122,"column":1}},"45":{"start":{"line":89,"column":2},"end":{"line":89,"column":70}},"46":{"start":{"line":90,"column":2},"end":{"line":121,"column":3}},"47":{"start":{"line":91,"column":19},"end":{"line":116,"column":28}},"48":{"start":{"line":117,"column":5},"end":{"line":117,"column":55}},"49":{"start":{"line":119,"column":2},"end":{"line":119,"column":38}},"50":{"start":{"line":120,"column":2},"end":{"line":120,"column":50}}},"fnMap":{"0":{"name":"(anonymous_0)","decl":{"start":{"line":3,"column":18},"end":{"line":3,"column":19}},"loc":{"start":{"line":3,"column":37},"end":{"line":13,"column":1}},"line":3},"1":{"name":"(anonymous_1)","decl":{"start":{"line":15,"column":18},"end":{"line":15,"column":19}},"loc":{"start":{"line":15,"column":37},"end":{"line":25,"column":1}},"line":15},"2":{"name":"(anonymous_2)","decl":{"start":{"line":27,"column":17},"end":{"line":27,"column":18}},"loc":{"start":{"line":27,"column":36},"end":{"line":43,"column":1}},"line":27},"3":{"name":"(anonymous_3)","decl":{"start":{"line":45,"column":17},"end":{"line":45,"column":18}},"loc":{"start":{"line":45,"column":36},"end":{"line":66,"column":1}},"line":45},"4":{"name":"(anonymous_4)","decl":{"start":{"line":68,"column":17},"end":{"line":68,"column":18}},"loc":{"start":{"line":68,"column":36},"end":{"line":86,"column":1}},"line":68},"5":{"name":"(anonymous_5)","decl":{"start":{"line":88,"column":17},"end":{"line":88,"column":18}},"loc":{"start":{"line":88,"column":36},"end":{"line":122,"column":1}},"line":88}},"branchMap":{},"s":{"0":1,"1":1,"2":0,"3":0,"4":0,"5":0,"6":0,"7":0,"8":1,"9":0,"10":0,"11":0,"12":0,"13":0,"14":0,"15":0,"16":1,"17":0,"18":0,"19":0,"20":0,"21":0,"22":0,"23":0,"24":0,"25":1,"26":0,"27":0,"28":0,"29":0,"30":0,"31":0,"32":0,"33":0,"34":0,"35":1,"36":0,"37":0,"38":0,"39":0,"40":0,"41":0,"42":0,"43":0,"44":1,"45":0,"46":0,"47":0,"48":0,"49":0,"50":0},"f":{"0":0,"1":0,"2":0,"3":0,"4":0,"5":0},"b":{},"_coverageSchema":"1a1c01bbd47fc00a2c39e90264f33305004495a9","hash":"acf30a2e4008964ad7124ae53e9cf313f4ceaebb"}
,"C:\\Users\\maria\\Desktop\\VSCode\\users-products-app\\usersApp\\logger\\logger.js": {"path":"C:\\Users\\maria\\Desktop\\VSCode\\users-products-app\\usersApp\\logger\\logger.js","statementMap":{"0":{"start":{"line":1,"column":16},"end":{"line":1,"column":34}},"1":{"start":{"line":29,"column":0},"end":{"line":29,"column":37}},"2":{"start":{"line":30,"column":0},"end":{"line":30,"column":26}},"3":{"start":{"line":31,"column":45},"end":{"line":31,"column":63}},"4":{"start":{"line":32,"column":59},"end":{"line":32,"column":65}},"5":{"start":{"line":33,"column":18},"end":{"line":33,"column":37}},"6":{"start":{"line":35,"column":28},"end":{"line":40,"column":2}},"7":{"start":{"line":42,"column":15},"end":{"line":79,"column":2}},"8":{"start":{"line":82,"column":0},"end":{"line":82,"column":23}}},"fnMap":{},"branchMap":{},"s":{"0":1,"1":1,"2":1,"3":1,"4":1,"5":1,"6":1,"7":1,"8":1},"f":{},"b":{},"_coverageSchema":"1a1c01bbd47fc00a2c39e90264f33305004495a9","hash":"110f494bfeddafad92296e33d2a7277f07f06548"}
,"C:\\Users\\maria\\Desktop\\VSCode\\users-products-app\\usersApp\\middlewares\\auth.middleware.js": {"path":"C:\\Users\\maria\\Desktop\\VSCode\\users-products-app\\usersApp\\middlewares\\auth.middleware.js","statementMap":{"0":{"start":{"line":1,"column":12},"end":{"line":1,"column":35}},"1":{"start":{"line":2,"column":20},"end":{"line":2,"column":55}},"2":{"start":{"line":5,"column":21},"end":{"line":5,"column":49}},"3":{"start":{"line":6,"column":16},"end":{"line":6,"column":54}},"4":{"start":{"line":9,"column":2},"end":{"line":11,"column":3}},"5":{"start":{"line":10,"column":4},"end":{"line":10,"column":93}},"6":{"start":{"line":13,"column":17},"end":{"line":13,"column":53}},"7":{"start":{"line":14,"column":2},"end":{"line":16,"column":3}},"8":{"start":{"line":15,"column":4},"end":{"line":15,"column":67}},"9":{"start":{"line":18,"column":2},"end":{"line":18,"column":24}},"10":{"start":{"line":19,"column":2},"end":{"line":19,"column":8}},"11":{"start":{"line":31,"column":2},"end":{"line":43,"column":3}},"12":{"start":{"line":32,"column":4},"end":{"line":34,"column":5}},"13":{"start":{"line":33,"column":6},"end":{"line":33,"column":85}},"14":{"start":{"line":36,"column":22},"end":{"line":36,"column":36}},"15":{"start":{"line":37,"column":26},"end":{"line":37,"column":58}},"16":{"start":{"line":39,"column":4},"end":{"line":41,"column":5}},"17":{"start":{"line":40,"column":7},"end":{"line":40,"column":96}},"18":{"start":{"line":42,"column":4},"end":{"line":42,"column":10}},"19":{"start":{"line":49,"column":0},"end":{"line":49,"column":43}}},"fnMap":{"0":{"name":"verifyToken","decl":{"start":{"line":4,"column":9},"end":{"line":4,"column":20}},"loc":{"start":{"line":4,"column":37},"end":{"line":28,"column":1}},"line":4},"1":{"name":"verifyRoles","decl":{"start":{"line":30,"column":9},"end":{"line":30,"column":20}},"loc":{"start":{"line":30,"column":35},"end":{"line":45,"column":1}},"line":30},"2":{"name":"(anonymous_2)","decl":{"start":{"line":31,"column":9},"end":{"line":31,"column":10}},"loc":{"start":{"line":31,"column":29},"end":{"line":43,"column":3}},"line":31}},"branchMap":{"0":{"loc":{"start":{"line":6,"column":16},"end":{"line":6,"column":54}},"type":"binary-expr","locations":[{"start":{"line":6,"column":16},"end":{"line":6,"column":26}},{"start":{"line":6,"column":30},"end":{"line":6,"column":54}}],"line":6},"1":{"loc":{"start":{"line":9,"column":2},"end":{"line":11,"column":3}},"type":"if","locations":[{"start":{"line":9,"column":2},"end":{"line":11,"column":3}},{"start":{},"end":{}}],"line":9},"2":{"loc":{"start":{"line":14,"column":2},"end":{"line":16,"column":3}},"type":"if","locations":[{"start":{"line":14,"column":2},"end":{"line":16,"column":3}},{"start":{},"end":{}}],"line":14},"3":{"loc":{"start":{"line":32,"column":4},"end":{"line":34,"column":5}},"type":"if","locations":[{"start":{"line":32,"column":4},"end":{"line":34,"column":5}},{"start":{},"end":{}}],"line":32},"4":{"loc":{"start":{"line":32,"column":9},"end":{"line":32,"column":37}},"type":"binary-expr","locations":[{"start":{"line":32,"column":9},"end":{"line":32,"column":18}},{"start":{"line":32,"column":22},"end":{"line":32,"column":37}}],"line":32},"5":{"loc":{"start":{"line":39,"column":4},"end":{"line":41,"column":5}},"type":"if","locations":[{"start":{"line":39,"column":4},"end":{"line":41,"column":5}},{"start":{},"end":{}}],"line":39}},"s":{"0":1,"1":1,"2":11,"3":11,"4":11,"5":0,"6":11,"7":11,"8":0,"9":11,"10":11,"11":8,"12":8,"13":0,"14":8,"15":8,"16":8,"17":0,"18":8,"19":1},"f":{"0":11,"1":8,"2":8},"b":{"0":[11,11],"1":[0,11],"2":[0,11],"3":[0,8],"4":[8,8],"5":[0,8]},"_coverageSchema":"1a1c01bbd47fc00a2c39e90264f33305004495a9","hash":"0a0e67e1a33600679cb0a90acdd526745c05c435"}
,"C:\\Users\\maria\\Desktop\\VSCode\\users-products-app\\usersApp\\models\\product.model.js": {"path":"C:\\Users\\maria\\Desktop\\VSCode\\users-products-app\\usersApp\\models\\product.model.js","statementMap":{"0":{"start":{"line":1,"column":17},"end":{"line":1,"column":36}},"1":{"start":{"line":2,"column":15},"end":{"line":2,"column":30}},"2":{"start":{"line":4,"column":20},"end":{"line":29,"column":2}},"3":{"start":{"line":31,"column":0},"end":{"line":31,"column":57}}},"fnMap":{},"branchMap":{},"s":{"0":1,"1":1,"2":1,"3":1},"f":{},"b":{},"_coverageSchema":"1a1c01bbd47fc00a2c39e90264f33305004495a9","hash":"344f7c6b058e2416c62aeb0c7b22e2b243ab6e44"}
,"C:\\Users\\maria\\Desktop\\VSCode\\users-products-app\\usersApp\\models\\user.model.js": {"path":"C:\\Users\\maria\\Desktop\\VSCode\\users-products-app\\usersApp\\models\\user.model.js","statementMap":{"0":{"start":{"line":1,"column":17},"end":{"line":1,"column":36}},"1":{"start":{"line":2,"column":15},"end":{"line":2,"column":30}},"2":{"start":{"line":4,"column":20},"end":{"line":7,"column":16}},"3":{"start":{"line":9,"column":18},"end":{"line":12,"column":16}},"4":{"start":{"line":14,"column":20},"end":{"line":19,"column":2}},"5":{"start":{"line":21,"column":17},"end":{"line":78,"column":2}},"6":{"start":{"line":83,"column":0},"end":{"line":83,"column":51}}},"fnMap":{},"branchMap":{},"s":{"0":1,"1":1,"2":1,"3":1,"4":1,"5":1,"6":1},"f":{},"b":{},"_coverageSchema":"1a1c01bbd47fc00a2c39e90264f33305004495a9","hash":"520324c0b6e2221ace2ddf9e7c0f618ce0d02594"}
,"C:\\Users\\maria\\Desktop\\VSCode\\users-products-app\\usersApp\\routes\\auth.routes.js": {"path":"C:\\Users\\maria\\Desktop\\VSCode\\users-products-app\\usersApp\\routes\\auth.routes.js","statementMap":{"0":{"start":{"line":1,"column":16},"end":{"line":1,"column":34}},"1":{"start":{"line":2,"column":15},"end":{"line":2,"column":31}},"2":{"start":{"line":3,"column":23},"end":{"line":3,"column":64}},"3":{"start":{"line":5,"column":0},"end":{"line":5,"column":43}},"4":{"start":{"line":7,"column":0},"end":{"line":7,"column":58}},"5":{"start":{"line":13,"column":0},"end":{"line":13,"column":23}}},"fnMap":{},"branchMap":{},"s":{"0":1,"1":1,"2":1,"3":1,"4":1,"5":1},"f":{},"b":{},"_coverageSchema":"1a1c01bbd47fc00a2c39e90264f33305004495a9","hash":"f544ffcee8f74c19abaa9540598da62e7654f526"}
,"C:\\Users\\maria\\Desktop\\VSCode\\users-products-app\\usersApp\\routes\\product.routes.js": {"path":"C:\\Users\\maria\\Desktop\\VSCode\\users-products-app\\usersApp\\routes\\product.routes.js","statementMap":{"0":{"start":{"line":1,"column":16},"end":{"line":1,"column":34}},"1":{"start":{"line":2,"column":15},"end":{"line":2,"column":31}},"2":{"start":{"line":3,"column":26},"end":{"line":3,"column":70}},"3":{"start":{"line":4,"column":20},"end":{"line":4,"column":73}},"4":{"start":{"line":5,"column":20},"end":{"line":5,"column":73}},"5":{"start":{"line":7,"column":0},"end":{"line":7,"column":55}},"6":{"start":{"line":8,"column":0},"end":{"line":8,"column":58}},"7":{"start":{"line":10,"column":0},"end":{"line":10,"column":77}},"8":{"start":{"line":12,"column":0},"end":{"line":12,"column":81}},"9":{"start":{"line":14,"column":0},"end":{"line":14,"column":88}},"10":{"start":{"line":17,"column":0},"end":{"line":17,"column":23}}},"fnMap":{},"branchMap":{},"s":{"0":1,"1":1,"2":1,"3":1,"4":1,"5":1,"6":1,"7":1,"8":1,"9":1,"10":1},"f":{},"b":{},"_coverageSchema":"1a1c01bbd47fc00a2c39e90264f33305004495a9","hash":"a184f4623fbab716b1f4521aff58a0b3c35e4e71"}
,"C:\\Users\\maria\\Desktop\\VSCode\\users-products-app\\usersApp\\routes\\user.product.routes.js": {"path":"C:\\Users\\maria\\Desktop\\VSCode\\users-products-app\\usersApp\\routes\\user.product.routes.js","statementMap":{"0":{"start":{"line":1,"column":16},"end":{"line":1,"column":34}},"1":{"start":{"line":2,"column":15},"end":{"line":2,"column":31}},"2":{"start":{"line":3,"column":30},"end":{"line":3,"column":79}},"3":{"start":{"line":5,"column":0},"end":{"line":5,"column":46}},"4":{"start":{"line":6,"column":0},"end":{"line":6,"column":55}},"5":{"start":{"line":7,"column":0},"end":{"line":7,"column":46}},"6":{"start":{"line":8,"column":0},"end":{"line":8,"column":56}},"7":{"start":{"line":10,"column":0},"end":{"line":10,"column":70}},"8":{"start":{"line":11,"column":0},"end":{"line":11,"column":57}},"9":{"start":{"line":13,"column":0},"end":{"line":13,"column":23}}},"fnMap":{},"branchMap":{},"s":{"0":1,"1":1,"2":1,"3":1,"4":1,"5":1,"6":1,"7":1,"8":1,"9":1},"f":{},"b":{},"_coverageSchema":"1a1c01bbd47fc00a2c39e90264f33305004495a9","hash":"2714f90b8fec76c4b5d51d6df27b60750bf21c48"}
,"C:\\Users\\maria\\Desktop\\VSCode\\users-products-app\\usersApp\\routes\\user.routes.js": {"path":"C:\\Users\\maria\\Desktop\\VSCode\\users-products-app\\usersApp\\routes\\user.routes.js","statementMap":{"0":{"start":{"line":1,"column":16},"end":{"line":1,"column":34}},"1":{"start":{"line":2,"column":15},"end":{"line":2,"column":31}},"2":{"start":{"line":3,"column":23},"end":{"line":3,"column":64}},"3":{"start":{"line":5,"column":20},"end":{"line":5,"column":73}},"4":{"start":{"line":6,"column":20},"end":{"line":6,"column":73}},"5":{"start":{"line":8,"column":0},"end":{"line":8,"column":74}},"6":{"start":{"line":9,"column":0},"end":{"line":9,"column":61}},"7":{"start":{"line":12,"column":0},"end":{"line":12,"column":84}},"8":{"start":{"line":13,"column":0},"end":{"line":13,"column":95}},"9":{"start":{"line":14,"column":0},"end":{"line":14,"column":105}},"10":{"start":{"line":17,"column":0},"end":{"line":17,"column":74}},"11":{"start":{"line":19,"column":0},"end":{"line":19,"column":23}}},"fnMap":{},"branchMap":{},"s":{"0":1,"1":1,"2":1,"3":1,"4":1,"5":1,"6":1,"7":1,"8":1,"9":1,"10":1,"11":1},"f":{},"b":{},"_coverageSchema":"1a1c01bbd47fc00a2c39e90264f33305004495a9","hash":"f20897271c926167cdc0cb08b9012798dac1ddd8"}
,"C:\\Users\\maria\\Desktop\\VSCode\\users-products-app\\usersApp\\services\\auth.service.js": {"path":"C:\\Users\\maria\\Desktop\\VSCode\\users-products-app\\usersApp\\services\\auth.service.js","statementMap":{"0":{"start":{"line":1,"column":12},"end":{"line":1,"column":35}},"1":{"start":{"line":2,"column":23},"end":{"line":2,"column":53}},"2":{"start":{"line":5,"column":2},"end":{"line":5,"column":35}},"3":{"start":{"line":6,"column":18},"end":{"line":10,"column":3}},"4":{"start":{"line":11,"column":17},"end":{"line":11,"column":41}},"5":{"start":{"line":12,"column":18},"end":{"line":12,"column":35}},"6":{"start":{"line":13,"column":2},"end":{"line":13,"column":43}},"7":{"start":{"line":17,"column":17},"end":{"line":17,"column":41}},"8":{"start":{"line":19,"column":2},"end":{"line":25,"column":3}},"9":{"start":{"line":20,"column":4},"end":{"line":20,"column":39}},"10":{"start":{"line":21,"column":4},"end":{"line":21,"column":40}},"11":{"start":{"line":22,"column":4},"end":{"line":22,"column":42}},"12":{"start":{"line":24,"column":4},"end":{"line":24,"column":47}},"13":{"start":{"line":29,"column":2},"end":{"line":29,"column":29}},"14":{"start":{"line":30,"column":20},"end":{"line":30,"column":48}},"15":{"start":{"line":31,"column":24},"end":{"line":31,"column":56}},"16":{"start":{"line":32,"column":23},"end":{"line":32,"column":47}},"17":{"start":{"line":33,"column":23},"end":{"line":33,"column":79}},"18":{"start":{"line":35,"column":2},"end":{"line":49,"column":3}},"19":{"start":{"line":37,"column":21},"end":{"line":37,"column":54}},"20":{"start":{"line":38,"column":4},"end":{"line":38,"column":39}},"21":{"start":{"line":39,"column":19},"end":{"line":42,"column":6}},"22":{"start":{"line":43,"column":21},"end":{"line":43,"column":46}},"23":{"start":{"line":44,"column":4},"end":{"line":44,"column":40}},"24":{"start":{"line":45,"column":4},"end":{"line":45,"column":35}},"25":{"start":{"line":47,"column":4},"end":{"line":47,"column":54}},"26":{"start":{"line":48,"column":4},"end":{"line":48,"column":54}},"27":{"start":{"line":52,"column":0},"end":{"line":52,"column":69}}},"fnMap":{"0":{"name":"generateAccessToken","decl":{"start":{"line":4,"column":9},"end":{"line":4,"column":28}},"loc":{"start":{"line":4,"column":35},"end":{"line":14,"column":1}},"line":4},"1":{"name":"verifyAccessToken","decl":{"start":{"line":16,"column":9},"end":{"line":16,"column":26}},"loc":{"start":{"line":16,"column":34},"end":{"line":26,"column":1}},"line":16},"2":{"name":"googleAuth","decl":{"start":{"line":28,"column":15},"end":{"line":28,"column":25}},"loc":{"start":{"line":28,"column":32},"end":{"line":50,"column":1}},"line":28}},"branchMap":{},"s":{"0":1,"1":1,"2":2,"3":2,"4":2,"5":2,"6":2,"7":11,"8":11,"9":11,"10":11,"11":11,"12":0,"13":0,"14":0,"15":0,"16":0,"17":0,"18":0,"19":0,"20":0,"21":0,"22":0,"23":0,"24":0,"25":0,"26":0,"27":1},"f":{"0":2,"1":11,"2":0},"b":{},"_coverageSchema":"1a1c01bbd47fc00a2c39e90264f33305004495a9","hash":"95732bbb41a6dbe7cfa82e937251b927ee37aba3"}
,"C:\\Users\\maria\\Desktop\\VSCode\\users-products-app\\usersApp\\services\\product.service.js": {"path":"C:\\Users\\maria\\Desktop\\VSCode\\users-products-app\\usersApp\\services\\product.service.js","statementMap":{"0":{"start":{"line":1,"column":16},"end":{"line":1,"column":50}},"1":{"start":{"line":4,"column":2},"end":{"line":4,"column":43}},"2":{"start":{"line":5,"column":2},"end":{"line":12,"column":3}},"3":{"start":{"line":6,"column":19},"end":{"line":6,"column":64}},"4":{"start":{"line":7,"column":4},"end":{"line":7,"column":59}},"5":{"start":{"line":8,"column":4},"end":{"line":8,"column":20}},"6":{"start":{"line":10,"column":4},"end":{"line":10,"column":66}},"7":{"start":{"line":11,"column":4},"end":{"line":11,"column":16}},"8":{"start":{"line":15,"column":0},"end":{"line":15,"column":44}}},"fnMap":{"0":{"name":"findLastInsertedProduct","decl":{"start":{"line":3,"column":15},"end":{"line":3,"column":38}},"loc":{"start":{"line":3,"column":41},"end":{"line":13,"column":1}},"line":3}},"branchMap":{},"s":{"0":1,"1":3,"2":3,"3":3,"4":3,"5":3,"6":0,"7":0,"8":1},"f":{"0":3},"b":{},"_coverageSchema":"1a1c01bbd47fc00a2c39e90264f33305004495a9","hash":"e0f27c4a9f32f0a215510762d14d13d34ca62d99"}
,"C:\\Users\\maria\\Desktop\\VSCode\\users-products-app\\usersApp\\services\\user.service.js": {"path":"C:\\Users\\maria\\Desktop\\VSCode\\users-products-app\\usersApp\\services\\user.service.js","statementMap":{"0":{"start":{"line":1,"column":13},"end":{"line":1,"column":44}},"1":{"start":{"line":4,"column":17},"end":{"line":4,"column":28}},"2":{"start":{"line":5,"column":2},"end":{"line":5,"column":15}},"3":{"start":{"line":9,"column":17},"end":{"line":9,"column":50}},"4":{"start":{"line":10,"column":2},"end":{"line":10,"column":15}},"5":{"start":{"line":14,"column":2},"end":{"line":14,"column":40}},"6":{"start":{"line":15,"column":2},"end":{"line":22,"column":3}},"7":{"start":{"line":16,"column":19},"end":{"line":16,"column":61}},"8":{"start":{"line":17,"column":4},"end":{"line":17,"column":56}},"9":{"start":{"line":18,"column":4},"end":{"line":18,"column":20}},"10":{"start":{"line":20,"column":4},"end":{"line":20,"column":63}},"11":{"start":{"line":21,"column":4},"end":{"line":21,"column":16}},"12":{"start":{"line":25,"column":0},"end":{"line":25,"column":57}}},"fnMap":{"0":{"name":"findAll","decl":{"start":{"line":3,"column":9},"end":{"line":3,"column":16}},"loc":{"start":{"line":3,"column":19},"end":{"line":6,"column":1}},"line":3},"1":{"name":"findOne","decl":{"start":{"line":8,"column":9},"end":{"line":8,"column":16}},"loc":{"start":{"line":8,"column":27},"end":{"line":11,"column":1}},"line":8},"2":{"name":"findLastInsertedUser","decl":{"start":{"line":13,"column":15},"end":{"line":13,"column":35}},"loc":{"start":{"line":13,"column":38},"end":{"line":23,"column":1}},"line":13}},"branchMap":{},"s":{"0":1,"1":0,"2":0,"3":0,"4":0,"5":0,"6":0,"7":0,"8":0,"9":0,"10":0,"11":0,"12":1},"f":{"0":0,"1":0,"2":0},"b":{},"_coverageSchema":"1a1c01bbd47fc00a2c39e90264f33305004495a9","hash":"2b65a4fa02f4890b7662e80ef9806d7810e8877e"}
}
